0 info it worked if it ends with ok
1 verbose cli [ '/Users/zhuoli/.meteor/packages/meteor-tool/.1.4.2_3.19lupz7++os.osx.x86_64+web.browser+web.cordova/mt-os.osx.x86_64/dev_bundle/bin/node',
1 verbose cli   '/Users/zhuoli/.meteor/packages/meteor-tool/.1.4.2_3.19lupz7++os.osx.x86_64+web.browser+web.cordova/mt-os.osx.x86_64/dev_bundle/bin/npm',
1 verbose cli   'install' ]
2 info using npm@3.10.9
3 info using node@v4.6.2
4 silly loadCurrentTree Starting
5 silly install loadCurrentTree
6 silly install readLocalPackageData
7 silly install normalizeTree
8 silly loadCurrentTree Finishing
9 silly loadIdealTree Starting
10 silly install loadIdealTree
11 silly cloneCurrentTree Starting
12 silly install cloneCurrentTreeToIdealTree
13 silly cloneCurrentTree Finishing
14 silly loadShrinkwrap Starting
15 silly install loadShrinkwrap
16 silly loadShrinkwrap Finishing
17 silly loadAllDepsIntoIdealTree Starting
18 silly install loadAllDepsIntoIdealTree
19 silly fetchNamedPackageData bcrypt
20 silly mapToRegistry name bcrypt
21 silly mapToRegistry using default registry
22 silly mapToRegistry registry https://registry.npmjs.org/
23 silly mapToRegistry data Result {
23 silly mapToRegistry   raw: 'bcrypt',
23 silly mapToRegistry   scope: null,
23 silly mapToRegistry   escapedName: 'bcrypt',
23 silly mapToRegistry   name: 'bcrypt',
23 silly mapToRegistry   rawSpec: '',
23 silly mapToRegistry   spec: 'latest',
23 silly mapToRegistry   type: 'tag' }
24 silly mapToRegistry uri https://registry.npmjs.org/bcrypt
25 verbose request uri https://registry.npmjs.org/bcrypt
26 verbose request no auth needed
27 info attempt registry request try #1 at 8:34:30 PM
28 verbose request id 298fe550b4f96de7
29 verbose etag W/"59daa5fa-17fb5"
30 verbose lastModified Sun, 08 Oct 2017 22:26:02 GMT
31 http request GET https://registry.npmjs.org/bcrypt
32 http 304 https://registry.npmjs.org/bcrypt
33 verbose headers { date: 'Mon, 09 Oct 2017 03:34:30 GMT',
33 verbose headers   via: '1.1 varnish',
33 verbose headers   'cache-control': 'max-age=300',
33 verbose headers   etag: 'W/"59daa5fa-17fb5"',
33 verbose headers   age: '86',
33 verbose headers   connection: 'keep-alive',
33 verbose headers   'x-served-by': 'cache-sea1031-SEA',
33 verbose headers   'x-cache': 'HIT',
33 verbose headers   'x-cache-hits': '1',
33 verbose headers   'x-timer': 'S1507520071.934788,VS0,VE1',
33 verbose headers   vary: 'Accept-Encoding, Accept' }
34 silly get cb [ 304,
34 silly get   { date: 'Mon, 09 Oct 2017 03:34:30 GMT',
34 silly get     via: '1.1 varnish',
34 silly get     'cache-control': 'max-age=300',
34 silly get     etag: 'W/"59daa5fa-17fb5"',
34 silly get     age: '86',
34 silly get     connection: 'keep-alive',
34 silly get     'x-served-by': 'cache-sea1031-SEA',
34 silly get     'x-cache': 'HIT',
34 silly get     'x-cache-hits': '1',
34 silly get     'x-timer': 'S1507520071.934788,VS0,VE1',
34 silly get     vary: 'Accept-Encoding, Accept' } ]
35 verbose etag https://registry.npmjs.org/bcrypt from cache
36 verbose get saving bcrypt to /Users/zhuoli/.meteor/packages/meteor-tool/.1.4.2_3.19lupz7++os.osx.x86_64+web.browser+web.cordova/mt-os.osx.x86_64/dev_bundle/.npm/registry.npmjs.org/bcrypt/.cache.json
37 verbose correctMkdir /Users/zhuoli/.meteor/packages/meteor-tool/.1.4.2_3.19lupz7++os.osx.x86_64+web.browser+web.cordova/mt-os.osx.x86_64/dev_bundle/.npm correctMkdir not in flight; initializing
38 silly resolveWithNewModule bcrypt@0.8.7 checking installable status
39 silly cache add args [ 'bcrypt@^0.8.7', null ]
40 verbose cache add spec bcrypt@^0.8.7
41 silly cache add parsed spec Result {
41 silly cache add   raw: 'bcrypt@^0.8.7',
41 silly cache add   scope: null,
41 silly cache add   escapedName: 'bcrypt',
41 silly cache add   name: 'bcrypt',
41 silly cache add   rawSpec: '^0.8.7',
41 silly cache add   spec: '>=0.8.7 <0.9.0',
41 silly cache add   type: 'range' }
42 silly addNamed bcrypt@>=0.8.7 <0.9.0
43 verbose addNamed ">=0.8.7 <0.9.0" is a valid semver range for bcrypt
44 silly addNameRange { name: 'bcrypt', range: '>=0.8.7 <0.9.0', hasData: false }
45 silly mapToRegistry name bcrypt
46 silly mapToRegistry using default registry
47 silly mapToRegistry registry https://registry.npmjs.org/
48 silly mapToRegistry data Result {
48 silly mapToRegistry   raw: 'bcrypt',
48 silly mapToRegistry   scope: null,
48 silly mapToRegistry   escapedName: 'bcrypt',
48 silly mapToRegistry   name: 'bcrypt',
48 silly mapToRegistry   rawSpec: '',
48 silly mapToRegistry   spec: 'latest',
48 silly mapToRegistry   type: 'tag' }
49 silly mapToRegistry uri https://registry.npmjs.org/bcrypt
50 verbose addNameRange registry:https://registry.npmjs.org/bcrypt not in flight; fetching
51 verbose get https://registry.npmjs.org/bcrypt not expired, no request
52 silly addNameRange number 2 { name: 'bcrypt', range: '>=0.8.7 <0.9.0', hasData: true }
53 silly addNameRange versions [ 'bcrypt',
53 silly addNameRange   [ '0.1.2',
53 silly addNameRange     '0.2.0',
53 silly addNameRange     '0.2.1',
53 silly addNameRange     '0.1.3',
53 silly addNameRange     '0.2.2',
53 silly addNameRange     '0.2.3',
53 silly addNameRange     '0.2.4',
53 silly addNameRange     '0.3.0',
53 silly addNameRange     '0.3.1',
53 silly addNameRange     '0.3.2',
53 silly addNameRange     '0.4.0',
53 silly addNameRange     '0.4.1',
53 silly addNameRange     '0.5.0',
53 silly addNameRange     '0.6.0',
53 silly addNameRange     '0.7.0',
53 silly addNameRange     '0.7.1',
53 silly addNameRange     '0.7.2',
53 silly addNameRange     '0.7.3',
53 silly addNameRange     '0.7.4',
53 silly addNameRange     '0.7.5',
53 silly addNameRange     '0.7.6',
53 silly addNameRange     '0.7.7',
53 silly addNameRange     '0.7.8',
53 silly addNameRange     '0.8.0',
53 silly addNameRange     '0.8.1',
53 silly addNameRange     '0.8.2',
53 silly addNameRange     '0.8.3',
53 silly addNameRange     '0.8.4',
53 silly addNameRange     '0.8.5',
53 silly addNameRange     '0.8.6',
53 silly addNameRange     '0.8.7',
53 silly addNameRange     '1.0.0',
53 silly addNameRange     '1.0.1',
53 silly addNameRange     '1.0.2',
53 silly addNameRange     '1.0.3' ] ]
54 silly addNamed bcrypt@0.8.7
55 verbose addNamed "0.8.7" is a plain semver version for bcrypt
56 silly cache afterAdd bcrypt@0.8.7
57 verbose afterAdd /Users/zhuoli/.meteor/packages/meteor-tool/.1.4.2_3.19lupz7++os.osx.x86_64+web.browser+web.cordova/mt-os.osx.x86_64/dev_bundle/.npm/bcrypt/0.8.7/package/package.json not in flight; writing
58 verbose correctMkdir /Users/zhuoli/.meteor/packages/meteor-tool/.1.4.2_3.19lupz7++os.osx.x86_64+web.browser+web.cordova/mt-os.osx.x86_64/dev_bundle/.npm correctMkdir not in flight; initializing
59 verbose afterAdd /Users/zhuoli/.meteor/packages/meteor-tool/.1.4.2_3.19lupz7++os.osx.x86_64+web.browser+web.cordova/mt-os.osx.x86_64/dev_bundle/.npm/bcrypt/0.8.7/package/package.json written
60 silly fetchNamedPackageData bindings
61 silly mapToRegistry name bindings
62 silly mapToRegistry using default registry
63 silly mapToRegistry registry https://registry.npmjs.org/
64 silly mapToRegistry data Result {
64 silly mapToRegistry   raw: 'bindings',
64 silly mapToRegistry   scope: null,
64 silly mapToRegistry   escapedName: 'bindings',
64 silly mapToRegistry   name: 'bindings',
64 silly mapToRegistry   rawSpec: '',
64 silly mapToRegistry   spec: 'latest',
64 silly mapToRegistry   type: 'tag' }
65 silly mapToRegistry uri https://registry.npmjs.org/bindings
66 silly fetchNamedPackageData nan
67 silly mapToRegistry name nan
68 silly mapToRegistry using default registry
69 silly mapToRegistry registry https://registry.npmjs.org/
70 silly mapToRegistry data Result {
70 silly mapToRegistry   raw: 'nan',
70 silly mapToRegistry   scope: null,
70 silly mapToRegistry   escapedName: 'nan',
70 silly mapToRegistry   name: 'nan',
70 silly mapToRegistry   rawSpec: '',
70 silly mapToRegistry   spec: 'latest',
70 silly mapToRegistry   type: 'tag' }
71 silly mapToRegistry uri https://registry.npmjs.org/nan
72 verbose request uri https://registry.npmjs.org/bindings
73 verbose request no auth needed
74 info attempt registry request try #1 at 8:34:30 PM
75 verbose etag W/"59b28ad4-4c18"
76 verbose lastModified Fri, 08 Sep 2017 12:19:32 GMT
77 http request GET https://registry.npmjs.org/bindings
78 verbose request uri https://registry.npmjs.org/nan
79 verbose request no auth needed
80 info attempt registry request try #1 at 8:34:30 PM
81 verbose etag W/"59c33594-20237"
82 verbose lastModified Thu, 21 Sep 2017 03:44:20 GMT
83 http request GET https://registry.npmjs.org/nan
84 http 304 https://registry.npmjs.org/bindings
85 verbose headers { date: 'Mon, 09 Oct 2017 03:34:30 GMT',
85 verbose headers   via: '1.1 varnish',
85 verbose headers   'cache-control': 'max-age=300',
85 verbose headers   etag: 'W/"59b28ad4-4c18"',
85 verbose headers   age: '165',
85 verbose headers   connection: 'keep-alive',
85 verbose headers   'x-served-by': 'cache-sea1031-SEA',
85 verbose headers   'x-cache': 'HIT',
85 verbose headers   'x-cache-hits': '1',
85 verbose headers   'x-timer': 'S1507520071.984348,VS0,VE0',
85 verbose headers   vary: 'Accept-Encoding, Accept' }
86 silly get cb [ 304,
86 silly get   { date: 'Mon, 09 Oct 2017 03:34:30 GMT',
86 silly get     via: '1.1 varnish',
86 silly get     'cache-control': 'max-age=300',
86 silly get     etag: 'W/"59b28ad4-4c18"',
86 silly get     age: '165',
86 silly get     connection: 'keep-alive',
86 silly get     'x-served-by': 'cache-sea1031-SEA',
86 silly get     'x-cache': 'HIT',
86 silly get     'x-cache-hits': '1',
86 silly get     'x-timer': 'S1507520071.984348,VS0,VE0',
86 silly get     vary: 'Accept-Encoding, Accept' } ]
87 verbose etag https://registry.npmjs.org/bindings from cache
88 verbose get saving bindings to /Users/zhuoli/.meteor/packages/meteor-tool/.1.4.2_3.19lupz7++os.osx.x86_64+web.browser+web.cordova/mt-os.osx.x86_64/dev_bundle/.npm/registry.npmjs.org/bindings/.cache.json
89 verbose correctMkdir /Users/zhuoli/.meteor/packages/meteor-tool/.1.4.2_3.19lupz7++os.osx.x86_64+web.browser+web.cordova/mt-os.osx.x86_64/dev_bundle/.npm correctMkdir not in flight; initializing
90 silly resolveWithNewModule bindings@1.2.1 checking installable status
91 silly cache add args [ 'bindings@1.2.1', null ]
92 verbose cache add spec bindings@1.2.1
93 silly cache add parsed spec Result {
93 silly cache add   raw: 'bindings@1.2.1',
93 silly cache add   scope: null,
93 silly cache add   escapedName: 'bindings',
93 silly cache add   name: 'bindings',
93 silly cache add   rawSpec: '1.2.1',
93 silly cache add   spec: '1.2.1',
93 silly cache add   type: 'version' }
94 silly addNamed bindings@1.2.1
95 verbose addNamed "1.2.1" is a plain semver version for bindings
96 silly mapToRegistry name bindings
97 silly mapToRegistry using default registry
98 silly mapToRegistry registry https://registry.npmjs.org/
99 silly mapToRegistry data Result {
99 silly mapToRegistry   raw: 'bindings',
99 silly mapToRegistry   scope: null,
99 silly mapToRegistry   escapedName: 'bindings',
99 silly mapToRegistry   name: 'bindings',
99 silly mapToRegistry   rawSpec: '',
99 silly mapToRegistry   spec: 'latest',
99 silly mapToRegistry   type: 'tag' }
100 silly mapToRegistry uri https://registry.npmjs.org/bindings
101 verbose addNameVersion registry:https://registry.npmjs.org/bindings not in flight; fetching
102 verbose get https://registry.npmjs.org/bindings not expired, no request
103 silly cache afterAdd bindings@1.2.1
104 verbose afterAdd /Users/zhuoli/.meteor/packages/meteor-tool/.1.4.2_3.19lupz7++os.osx.x86_64+web.browser+web.cordova/mt-os.osx.x86_64/dev_bundle/.npm/bindings/1.2.1/package/package.json not in flight; writing
105 verbose correctMkdir /Users/zhuoli/.meteor/packages/meteor-tool/.1.4.2_3.19lupz7++os.osx.x86_64+web.browser+web.cordova/mt-os.osx.x86_64/dev_bundle/.npm correctMkdir not in flight; initializing
106 verbose afterAdd /Users/zhuoli/.meteor/packages/meteor-tool/.1.4.2_3.19lupz7++os.osx.x86_64+web.browser+web.cordova/mt-os.osx.x86_64/dev_bundle/.npm/bindings/1.2.1/package/package.json written
107 http 304 https://registry.npmjs.org/nan
108 verbose headers { date: 'Mon, 09 Oct 2017 03:34:31 GMT',
108 verbose headers   via: '1.1 varnish',
108 verbose headers   'cache-control': 'max-age=300',
108 verbose headers   etag: 'W/"59c33594-20237"',
108 verbose headers   age: '167',
108 verbose headers   connection: 'keep-alive',
108 verbose headers   'x-served-by': 'cache-sea1033-SEA',
108 verbose headers   'x-cache': 'HIT',
108 verbose headers   'x-cache-hits': '2',
108 verbose headers   'x-timer': 'S1507520071.035000,VS0,VE0',
108 verbose headers   vary: 'Accept-Encoding, Accept' }
109 silly get cb [ 304,
109 silly get   { date: 'Mon, 09 Oct 2017 03:34:31 GMT',
109 silly get     via: '1.1 varnish',
109 silly get     'cache-control': 'max-age=300',
109 silly get     etag: 'W/"59c33594-20237"',
109 silly get     age: '167',
109 silly get     connection: 'keep-alive',
109 silly get     'x-served-by': 'cache-sea1033-SEA',
109 silly get     'x-cache': 'HIT',
109 silly get     'x-cache-hits': '2',
109 silly get     'x-timer': 'S1507520071.035000,VS0,VE0',
109 silly get     vary: 'Accept-Encoding, Accept' } ]
110 verbose etag https://registry.npmjs.org/nan from cache
111 verbose get saving nan to /Users/zhuoli/.meteor/packages/meteor-tool/.1.4.2_3.19lupz7++os.osx.x86_64+web.browser+web.cordova/mt-os.osx.x86_64/dev_bundle/.npm/registry.npmjs.org/nan/.cache.json
112 verbose correctMkdir /Users/zhuoli/.meteor/packages/meteor-tool/.1.4.2_3.19lupz7++os.osx.x86_64+web.browser+web.cordova/mt-os.osx.x86_64/dev_bundle/.npm correctMkdir not in flight; initializing
113 silly resolveWithNewModule nan@2.3.5 checking installable status
114 silly cache add args [ 'nan@2.3.5', null ]
115 verbose cache add spec nan@2.3.5
116 silly cache add parsed spec Result {
116 silly cache add   raw: 'nan@2.3.5',
116 silly cache add   scope: null,
116 silly cache add   escapedName: 'nan',
116 silly cache add   name: 'nan',
116 silly cache add   rawSpec: '2.3.5',
116 silly cache add   spec: '2.3.5',
116 silly cache add   type: 'version' }
117 silly addNamed nan@2.3.5
118 verbose addNamed "2.3.5" is a plain semver version for nan
119 silly mapToRegistry name nan
120 silly mapToRegistry using default registry
121 silly mapToRegistry registry https://registry.npmjs.org/
122 silly mapToRegistry data Result {
122 silly mapToRegistry   raw: 'nan',
122 silly mapToRegistry   scope: null,
122 silly mapToRegistry   escapedName: 'nan',
122 silly mapToRegistry   name: 'nan',
122 silly mapToRegistry   rawSpec: '',
122 silly mapToRegistry   spec: 'latest',
122 silly mapToRegistry   type: 'tag' }
123 silly mapToRegistry uri https://registry.npmjs.org/nan
124 verbose addNameVersion registry:https://registry.npmjs.org/nan not in flight; fetching
125 verbose get https://registry.npmjs.org/nan not expired, no request
126 silly cache afterAdd nan@2.3.5
127 verbose afterAdd /Users/zhuoli/.meteor/packages/meteor-tool/.1.4.2_3.19lupz7++os.osx.x86_64+web.browser+web.cordova/mt-os.osx.x86_64/dev_bundle/.npm/nan/2.3.5/package/package.json not in flight; writing
128 verbose correctMkdir /Users/zhuoli/.meteor/packages/meteor-tool/.1.4.2_3.19lupz7++os.osx.x86_64+web.browser+web.cordova/mt-os.osx.x86_64/dev_bundle/.npm correctMkdir not in flight; initializing
129 verbose afterAdd /Users/zhuoli/.meteor/packages/meteor-tool/.1.4.2_3.19lupz7++os.osx.x86_64+web.browser+web.cordova/mt-os.osx.x86_64/dev_bundle/.npm/nan/2.3.5/package/package.json written
130 silly loadAllDepsIntoIdealTree Finishing
131 silly loadIdealTree Finishing
132 silly currentTree week_1_peer_assessment@
132 silly currentTree ├── babel-runtime@6.26.0
132 silly currentTree ├── core-js@2.5.1
132 silly currentTree ├─┬ meteor-node-stubs@0.2.11
132 silly currentTree │ ├── asn1.js@4.9.0
132 silly currentTree │ ├── assert@1.4.1
132 silly currentTree │ ├── balanced-match@0.4.2
132 silly currentTree │ ├── base64-js@1.2.0
132 silly currentTree │ ├── Base64@0.2.1
132 silly currentTree │ ├── bn.js@4.11.6
132 silly currentTree │ ├── brace-expansion@1.1.7
132 silly currentTree │ ├── brorand@1.0.6
132 silly currentTree │ ├── browserify-aes@1.0.6
132 silly currentTree │ ├── browserify-cipher@1.0.0
132 silly currentTree │ ├── browserify-des@1.0.0
132 silly currentTree │ ├── browserify-rsa@4.0.1
132 silly currentTree │ ├── browserify-sign@4.0.0
132 silly currentTree │ ├── browserify-zlib@0.1.4
132 silly currentTree │ ├── buffer-xor@1.0.3
132 silly currentTree │ ├── buffer@4.9.1
132 silly currentTree │ ├── cipher-base@1.0.3
132 silly currentTree │ ├── concat-map@0.0.1
132 silly currentTree │ ├── console-browserify@1.1.0
132 silly currentTree │ ├── constants-browserify@1.0.0
132 silly currentTree │ ├── create-ecdh@4.0.0
132 silly currentTree │ ├── create-hash@1.1.2
132 silly currentTree │ ├── create-hmac@1.1.4
132 silly currentTree │ ├── crypto-browserify@3.11.0
132 silly currentTree │ ├── date-now@0.1.4
132 silly currentTree │ ├── des.js@1.0.0
132 silly currentTree │ ├── diffie-hellman@5.0.2
132 silly currentTree │ ├── domain-browser@1.1.7
132 silly currentTree │ ├── elliptic@6.3.2
132 silly currentTree │ ├── events@1.1.1
132 silly currentTree │ ├── evp_bytestokey@1.0.0
132 silly currentTree │ ├── fs.realpath@1.0.0
132 silly currentTree │ ├── glob@7.1.2
132 silly currentTree │ ├── hash.js@1.0.3
132 silly currentTree │ ├── http-browserify@1.7.0
132 silly currentTree │ ├── https-browserify@0.0.1
132 silly currentTree │ ├── ieee754@1.1.8
132 silly currentTree │ ├── indexof@0.0.1
132 silly currentTree │ ├── inflight@1.0.6
132 silly currentTree │ ├── inherits@2.0.1
132 silly currentTree │ ├── isarray@1.0.0
132 silly currentTree │ ├── miller-rabin@4.0.0
132 silly currentTree │ ├── minimalistic-assert@1.0.0
132 silly currentTree │ ├── minimatch@3.0.4
132 silly currentTree │ ├── once@1.4.0
132 silly currentTree │ ├── os-browserify@0.2.1
132 silly currentTree │ ├── pako@0.2.9
132 silly currentTree │ ├── parse-asn1@5.0.0
132 silly currentTree │ ├── path-browserify@0.0.0
132 silly currentTree │ ├── path-is-absolute@1.0.1
132 silly currentTree │ ├── pbkdf2@3.0.9
132 silly currentTree │ ├── process-nextick-args@1.0.7
132 silly currentTree │ ├── process@0.11.9
132 silly currentTree │ ├── public-encrypt@4.0.0
132 silly currentTree │ ├── punycode@1.4.1
132 silly currentTree │ ├── querystring-es3@0.2.1
132 silly currentTree │ ├── querystring@0.2.0
132 silly currentTree │ ├── randombytes@2.0.3
132 silly currentTree │ ├── readable-stream@2.2.10
132 silly currentTree │ ├── rimraf@2.6.1
132 silly currentTree │ ├── ripemd160@1.0.1
132 silly currentTree │ ├── safe-buffer@5.0.1
132 silly currentTree │ ├── sha.js@2.4.8
132 silly currentTree │ ├── stream-browserify@2.0.1
132 silly currentTree │ ├── string_decoder@1.0.1
132 silly currentTree │ ├── timers-browserify@1.4.2
132 silly currentTree │ ├── tty-browserify@0.0.0
132 silly currentTree │ ├─┬ url@0.11.0
132 silly currentTree │ │ └── punycode@1.3.2
132 silly currentTree │ ├── util-deprecate@1.0.2
132 silly currentTree │ ├── util@0.10.3
132 silly currentTree │ ├── vm-browserify@0.0.4
132 silly currentTree │ └── wrappy@1.0.2
132 silly currentTree └── regenerator-runtime@0.11.0
133 silly idealTree week_1_peer_assessment@
133 silly idealTree ├── babel-runtime@6.26.0
133 silly idealTree ├── bcrypt@0.8.7
133 silly idealTree ├── bindings@1.2.1
133 silly idealTree ├── core-js@2.5.1
133 silly idealTree ├─┬ meteor-node-stubs@0.2.11
133 silly idealTree │ ├── asn1.js@4.9.0
133 silly idealTree │ ├── assert@1.4.1
133 silly idealTree │ ├── balanced-match@0.4.2
133 silly idealTree │ ├── base64-js@1.2.0
133 silly idealTree │ ├── Base64@0.2.1
133 silly idealTree │ ├── bn.js@4.11.6
133 silly idealTree │ ├── brace-expansion@1.1.7
133 silly idealTree │ ├── brorand@1.0.6
133 silly idealTree │ ├── browserify-aes@1.0.6
133 silly idealTree │ ├── browserify-cipher@1.0.0
133 silly idealTree │ ├── browserify-des@1.0.0
133 silly idealTree │ ├── browserify-rsa@4.0.1
133 silly idealTree │ ├── browserify-sign@4.0.0
133 silly idealTree │ ├── browserify-zlib@0.1.4
133 silly idealTree │ ├── buffer-xor@1.0.3
133 silly idealTree │ ├── buffer@4.9.1
133 silly idealTree │ ├── cipher-base@1.0.3
133 silly idealTree │ ├── concat-map@0.0.1
133 silly idealTree │ ├── console-browserify@1.1.0
133 silly idealTree │ ├── constants-browserify@1.0.0
133 silly idealTree │ ├── create-ecdh@4.0.0
133 silly idealTree │ ├── create-hash@1.1.2
133 silly idealTree │ ├── create-hmac@1.1.4
133 silly idealTree │ ├── crypto-browserify@3.11.0
133 silly idealTree │ ├── date-now@0.1.4
133 silly idealTree │ ├── des.js@1.0.0
133 silly idealTree │ ├── diffie-hellman@5.0.2
133 silly idealTree │ ├── domain-browser@1.1.7
133 silly idealTree │ ├── elliptic@6.3.2
133 silly idealTree │ ├── events@1.1.1
133 silly idealTree │ ├── evp_bytestokey@1.0.0
133 silly idealTree │ ├── fs.realpath@1.0.0
133 silly idealTree │ ├── glob@7.1.2
133 silly idealTree │ ├── hash.js@1.0.3
133 silly idealTree │ ├── http-browserify@1.7.0
133 silly idealTree │ ├── https-browserify@0.0.1
133 silly idealTree │ ├── ieee754@1.1.8
133 silly idealTree │ ├── indexof@0.0.1
133 silly idealTree │ ├── inflight@1.0.6
133 silly idealTree │ ├── inherits@2.0.1
133 silly idealTree │ ├── isarray@1.0.0
133 silly idealTree │ ├── miller-rabin@4.0.0
133 silly idealTree │ ├── minimalistic-assert@1.0.0
133 silly idealTree │ ├── minimatch@3.0.4
133 silly idealTree │ ├── once@1.4.0
133 silly idealTree │ ├── os-browserify@0.2.1
133 silly idealTree │ ├── pako@0.2.9
133 silly idealTree │ ├── parse-asn1@5.0.0
133 silly idealTree │ ├── path-browserify@0.0.0
133 silly idealTree │ ├── path-is-absolute@1.0.1
133 silly idealTree │ ├── pbkdf2@3.0.9
133 silly idealTree │ ├── process-nextick-args@1.0.7
133 silly idealTree │ ├── process@0.11.9
133 silly idealTree │ ├── public-encrypt@4.0.0
133 silly idealTree │ ├── punycode@1.4.1
133 silly idealTree │ ├── querystring-es3@0.2.1
133 silly idealTree │ ├── querystring@0.2.0
133 silly idealTree │ ├── randombytes@2.0.3
133 silly idealTree │ ├── readable-stream@2.2.10
133 silly idealTree │ ├── rimraf@2.6.1
133 silly idealTree │ ├── ripemd160@1.0.1
133 silly idealTree │ ├── safe-buffer@5.0.1
133 silly idealTree │ ├── sha.js@2.4.8
133 silly idealTree │ ├── stream-browserify@2.0.1
133 silly idealTree │ ├── string_decoder@1.0.1
133 silly idealTree │ ├── timers-browserify@1.4.2
133 silly idealTree │ ├── tty-browserify@0.0.0
133 silly idealTree │ ├─┬ url@0.11.0
133 silly idealTree │ │ └── punycode@1.3.2
133 silly idealTree │ ├── util-deprecate@1.0.2
133 silly idealTree │ ├── util@0.10.3
133 silly idealTree │ ├── vm-browserify@0.0.4
133 silly idealTree │ └── wrappy@1.0.2
133 silly idealTree ├── nan@2.3.5
133 silly idealTree └── regenerator-runtime@0.11.0
134 silly generateActionsToTake Starting
135 silly install generateActionsToTake
136 silly generateActionsToTake Finishing
137 silly diffTrees action count 3
138 silly diffTrees add bindings@1.2.1
139 silly diffTrees add nan@2.3.5
140 silly diffTrees add bcrypt@0.8.7
141 silly decomposeActions action count 24
142 silly decomposeActions fetch bindings@1.2.1
143 silly decomposeActions extract bindings@1.2.1
144 silly decomposeActions test bindings@1.2.1
145 silly decomposeActions preinstall bindings@1.2.1
146 silly decomposeActions build bindings@1.2.1
147 silly decomposeActions install bindings@1.2.1
148 silly decomposeActions postinstall bindings@1.2.1
149 silly decomposeActions finalize bindings@1.2.1
150 silly decomposeActions fetch nan@2.3.5
151 silly decomposeActions extract nan@2.3.5
152 silly decomposeActions test nan@2.3.5
153 silly decomposeActions preinstall nan@2.3.5
154 silly decomposeActions build nan@2.3.5
155 silly decomposeActions install nan@2.3.5
156 silly decomposeActions postinstall nan@2.3.5
157 silly decomposeActions finalize nan@2.3.5
158 silly decomposeActions fetch bcrypt@0.8.7
159 silly decomposeActions extract bcrypt@0.8.7
160 silly decomposeActions test bcrypt@0.8.7
161 silly decomposeActions preinstall bcrypt@0.8.7
162 silly decomposeActions build bcrypt@0.8.7
163 silly decomposeActions install bcrypt@0.8.7
164 silly decomposeActions postinstall bcrypt@0.8.7
165 silly decomposeActions finalize bcrypt@0.8.7
166 silly runTopLevelLifecycles Starting
167 silly install runPreinstallTopLevelLifecycles
168 silly preinstall week_1_peer_assessment@ /Users/zhuoli/Projects/coursera/Responsive-website-specialization/web-JS&MongoDB/week_1_peer_assessment/week_1_peer_assessment-f2e72ebf
169 info lifecycle week_1_peer_assessment@~preinstall: week_1_peer_assessment@
170 silly lifecycle week_1_peer_assessment@~preinstall: no script for preinstall, continuing
171 silly executeActions Starting
172 silly install executeActions
173 silly doSerial global-install 0
174 silly doParallel fetch 3
175 verbose correctMkdir /Users/zhuoli/.meteor/packages/meteor-tool/.1.4.2_3.19lupz7++os.osx.x86_64+web.browser+web.cordova/mt-os.osx.x86_64/dev_bundle/.npm/_locks correctMkdir not in flight; initializing
176 verbose lock using /Users/zhuoli/.meteor/packages/meteor-tool/.1.4.2_3.19lupz7++os.osx.x86_64+web.browser+web.cordova/mt-os.osx.x86_64/dev_bundle/.npm/_locks/staging-08a530811ffc623f.lock for /Users/zhuoli/Projects/coursera/Responsive-website-specialization/web-JS&MongoDB/week_1_peer_assessment/node_modules/.staging
177 silly doParallel extract 3
178 silly extract bindings@1.2.1
179 silly extract nan@2.3.5
180 silly extract bcrypt@0.8.7
181 verbose unbuild node_modules/.staging/bindings-32d66bdf
182 verbose unbuild node_modules/.staging/nan-997ddc2c
183 verbose unbuild node_modules/.staging/bcrypt-f16bd10e
184 silly gentlyRm /Users/zhuoli/Projects/coursera/Responsive-website-specialization/web-JS&MongoDB/week_1_peer_assessment/node_modules/.staging/bindings-32d66bdf is being purged from base /Users/zhuoli/Projects/coursera/Responsive-website-specialization/web-JS&MongoDB/week_1_peer_assessment
185 verbose gentlyRm don't care about contents; nuking /Users/zhuoli/Projects/coursera/Responsive-website-specialization/web-JS&MongoDB/week_1_peer_assessment/node_modules/.staging/bindings-32d66bdf
186 silly gentlyRm /Users/zhuoli/Projects/coursera/Responsive-website-specialization/web-JS&MongoDB/week_1_peer_assessment/node_modules/.staging/nan-997ddc2c is being purged from base /Users/zhuoli/Projects/coursera/Responsive-website-specialization/web-JS&MongoDB/week_1_peer_assessment
187 verbose gentlyRm don't care about contents; nuking /Users/zhuoli/Projects/coursera/Responsive-website-specialization/web-JS&MongoDB/week_1_peer_assessment/node_modules/.staging/nan-997ddc2c
188 silly gentlyRm /Users/zhuoli/Projects/coursera/Responsive-website-specialization/web-JS&MongoDB/week_1_peer_assessment/node_modules/.staging/bcrypt-f16bd10e is being purged from base /Users/zhuoli/Projects/coursera/Responsive-website-specialization/web-JS&MongoDB/week_1_peer_assessment
189 verbose gentlyRm don't care about contents; nuking /Users/zhuoli/Projects/coursera/Responsive-website-specialization/web-JS&MongoDB/week_1_peer_assessment/node_modules/.staging/bcrypt-f16bd10e
190 verbose tar unpack /Users/zhuoli/.meteor/packages/meteor-tool/.1.4.2_3.19lupz7++os.osx.x86_64+web.browser+web.cordova/mt-os.osx.x86_64/dev_bundle/.npm/bindings/1.2.1/package.tgz
191 verbose tar unpacking to /Users/zhuoli/Projects/coursera/Responsive-website-specialization/web-JS&MongoDB/week_1_peer_assessment/node_modules/.staging/bindings-32d66bdf
192 silly gentlyRm /Users/zhuoli/Projects/coursera/Responsive-website-specialization/web-JS&MongoDB/week_1_peer_assessment/node_modules/.staging/bindings-32d66bdf is being purged
193 verbose gentlyRm don't care about contents; nuking /Users/zhuoli/Projects/coursera/Responsive-website-specialization/web-JS&MongoDB/week_1_peer_assessment/node_modules/.staging/bindings-32d66bdf
194 verbose tar unpack /Users/zhuoli/.meteor/packages/meteor-tool/.1.4.2_3.19lupz7++os.osx.x86_64+web.browser+web.cordova/mt-os.osx.x86_64/dev_bundle/.npm/nan/2.3.5/package.tgz
195 verbose tar unpacking to /Users/zhuoli/Projects/coursera/Responsive-website-specialization/web-JS&MongoDB/week_1_peer_assessment/node_modules/.staging/nan-997ddc2c
196 silly gentlyRm /Users/zhuoli/Projects/coursera/Responsive-website-specialization/web-JS&MongoDB/week_1_peer_assessment/node_modules/.staging/nan-997ddc2c is being purged
197 verbose gentlyRm don't care about contents; nuking /Users/zhuoli/Projects/coursera/Responsive-website-specialization/web-JS&MongoDB/week_1_peer_assessment/node_modules/.staging/nan-997ddc2c
198 verbose tar unpack /Users/zhuoli/.meteor/packages/meteor-tool/.1.4.2_3.19lupz7++os.osx.x86_64+web.browser+web.cordova/mt-os.osx.x86_64/dev_bundle/.npm/bcrypt/0.8.7/package.tgz
199 verbose tar unpacking to /Users/zhuoli/Projects/coursera/Responsive-website-specialization/web-JS&MongoDB/week_1_peer_assessment/node_modules/.staging/bcrypt-f16bd10e
200 silly gentlyRm /Users/zhuoli/Projects/coursera/Responsive-website-specialization/web-JS&MongoDB/week_1_peer_assessment/node_modules/.staging/bcrypt-f16bd10e is being purged
201 verbose gentlyRm don't care about contents; nuking /Users/zhuoli/Projects/coursera/Responsive-website-specialization/web-JS&MongoDB/week_1_peer_assessment/node_modules/.staging/bcrypt-f16bd10e
202 silly gunzTarPerm modes [ '755', '644' ]
203 silly gunzTarPerm modes [ '755', '644' ]
204 silly gunzTarPerm modes [ '755', '644' ]
205 silly gunzTarPerm extractEntry package.json
206 silly gunzTarPerm extractEntry package.json
207 silly gunzTarPerm modified mode [ 'package.json', 436, 420 ]
208 silly gunzTarPerm extractEntry package.json
209 silly gunzTarPerm extractEntry README.md
210 silly gunzTarPerm extractEntry bindings.js
211 silly gunzTarPerm extractEntry README.md
212 silly gunzTarPerm modified mode [ 'README.md', 436, 420 ]
213 silly gunzTarPerm extractEntry .npmignore
214 silly gunzTarPerm extractEntry README.md
215 silly gunzTarPerm extractEntry include_dirs.js
216 silly gunzTarPerm modified mode [ 'include_dirs.js', 436, 420 ]
217 silly gunzTarPerm extractEntry nan_converters.h
218 silly gunzTarPerm modified mode [ 'nan_converters.h', 436, 420 ]
219 silly gunzTarPerm extractEntry LICENSE.md
220 silly gunzTarPerm modified mode [ 'LICENSE.md', 436, 420 ]
221 silly gunzTarPerm extractEntry doc/node_misc.md
222 silly gunzTarPerm modified mode [ 'doc/node_misc.md', 436, 420 ]
223 silly gunzTarPerm extractEntry LICENSE
224 silly gunzTarPerm extractEntry bcrypt.js
225 silly gunzTarPerm extractEntry Makefile
226 silly gunzTarPerm extractEntry .travis.yml
227 silly gunzTarPerm extractEntry CHANGELOG.md
228 silly gunzTarPerm extractEntry binding.gyp
229 silly gunzTarPerm extractEntry examples/async_compare.js
230 silly gunzTarPerm extractEntry examples/forever_gen_salt.js
231 silly gunzTarPerm extractEntry test/async.js
232 silly gunzTarPerm extractEntry test/repetitions.js
233 silly gunzTarPerm extractEntry test/sync.js
234 silly gunzTarPerm extractEntry ISSUE_TEMPLATE.md
235 silly gunzTarPerm extractEntry src/bcrypt.cc
236 silly gunzTarPerm extractEntry src/bcrypt_node.cc
237 silly gunzTarPerm extractEntry src/blowfish.cc
238 silly gunzTarPerm extractEntry src/node_blf.h
239 silly gunzTarPerm extractEntry werker.yml
240 silly gunzTarPerm extractEntry doc/asyncworker.md
241 silly gunzTarPerm modified mode [ 'doc/asyncworker.md', 436, 420 ]
242 silly gunzTarPerm extractEntry doc/callback.md
243 silly gunzTarPerm modified mode [ 'doc/callback.md', 436, 420 ]
244 silly gunzTarPerm extractEntry doc/converters.md
245 silly gunzTarPerm modified mode [ 'doc/converters.md', 436, 420 ]
246 silly gunzTarPerm extractEntry doc/errors.md
247 silly gunzTarPerm modified mode [ 'doc/errors.md', 436, 420 ]
248 silly gunzTarPerm extractEntry doc/maybe_types.md
249 silly gunzTarPerm modified mode [ 'doc/maybe_types.md', 436, 420 ]
250 silly gunzTarPerm extractEntry doc/methods.md
251 silly gunzTarPerm modified mode [ 'doc/methods.md', 436, 420 ]
252 silly gunzTarPerm extractEntry doc/new.md
253 silly gunzTarPerm modified mode [ 'doc/new.md', 436, 420 ]
254 silly gentlyRm /Users/zhuoli/Projects/coursera/Responsive-website-specialization/web-JS&MongoDB/week_1_peer_assessment/node_modules/.staging/bindings-32d66bdf/node_modules is being purged
255 verbose gentlyRm don't care about contents; nuking /Users/zhuoli/Projects/coursera/Responsive-website-specialization/web-JS&MongoDB/week_1_peer_assessment/node_modules/.staging/bindings-32d66bdf/node_modules
256 silly gunzTarPerm extractEntry doc/buffers.md
257 silly gunzTarPerm modified mode [ 'doc/buffers.md', 436, 420 ]
258 silly gunzTarPerm extractEntry doc/object_wrappers.md
259 silly gunzTarPerm modified mode [ 'doc/object_wrappers.md', 436, 420 ]
260 silly gunzTarPerm extractEntry doc/persistent.md
261 silly gunzTarPerm modified mode [ 'doc/persistent.md', 436, 420 ]
262 silly gunzTarPerm extractEntry doc/scopes.md
263 silly gunzTarPerm modified mode [ 'doc/scopes.md', 436, 420 ]
264 silly gunzTarPerm extractEntry doc/script.md
265 silly gunzTarPerm modified mode [ 'doc/script.md', 436, 420 ]
266 silly gunzTarPerm extractEntry doc/string_bytes.md
267 silly gunzTarPerm modified mode [ 'doc/string_bytes.md', 436, 420 ]
268 silly gunzTarPerm extractEntry doc/v8_internals.md
269 silly gunzTarPerm modified mode [ 'doc/v8_internals.md', 436, 420 ]
270 silly gunzTarPerm extractEntry doc/v8_misc.md
271 silly gunzTarPerm modified mode [ 'doc/v8_misc.md', 436, 420 ]
272 silly gunzTarPerm extractEntry nan.h
273 silly gunzTarPerm modified mode [ 'nan.h', 436, 420 ]
274 silly gunzTarPerm extractEntry nan_callbacks.h
275 silly gunzTarPerm modified mode [ 'nan_callbacks.h', 436, 420 ]
276 silly gunzTarPerm extractEntry nan_callbacks_12_inl.h
277 silly gunzTarPerm modified mode [ 'nan_callbacks_12_inl.h', 436, 420 ]
278 silly gunzTarPerm extractEntry nan_callbacks_pre_12_inl.h
279 silly gunzTarPerm modified mode [ 'nan_callbacks_pre_12_inl.h', 436, 420 ]
280 silly gunzTarPerm extractEntry nan_converters_43_inl.h
281 silly gunzTarPerm modified mode [ 'nan_converters_43_inl.h', 436, 420 ]
282 silly gunzTarPerm extractEntry nan_converters_pre_43_inl.h
283 silly gunzTarPerm modified mode [ 'nan_converters_pre_43_inl.h', 436, 420 ]
284 silly gunzTarPerm extractEntry nan_implementation_12_inl.h
285 silly gunzTarPerm modified mode [ 'nan_implementation_12_inl.h', 436, 420 ]
286 silly gunzTarPerm extractEntry nan_implementation_pre_12_inl.h
287 silly gunzTarPerm modified mode [ 'nan_implementation_pre_12_inl.h', 436, 420 ]
288 silly gunzTarPerm extractEntry nan_maybe_43_inl.h
289 silly gunzTarPerm modified mode [ 'nan_maybe_43_inl.h', 436, 420 ]
290 silly gunzTarPerm extractEntry nan_maybe_pre_43_inl.h
291 silly gunzTarPerm modified mode [ 'nan_maybe_pre_43_inl.h', 436, 420 ]
292 silly gunzTarPerm extractEntry nan_new.h
293 silly gunzTarPerm modified mode [ 'nan_new.h', 436, 420 ]
294 silly gunzTarPerm extractEntry nan_object_wrap.h
295 silly gunzTarPerm modified mode [ 'nan_object_wrap.h', 436, 420 ]
296 silly gunzTarPerm extractEntry nan_persistent_12_inl.h
297 silly gunzTarPerm modified mode [ 'nan_persistent_12_inl.h', 436, 420 ]
298 silly gunzTarPerm extractEntry nan_persistent_pre_12_inl.h
299 silly gunzTarPerm modified mode [ 'nan_persistent_pre_12_inl.h', 436, 420 ]
300 silly gunzTarPerm extractEntry nan_string_bytes.h
301 silly gunzTarPerm modified mode [ 'nan_string_bytes.h', 436, 420 ]
302 silly gunzTarPerm extractEntry nan_typedarray_contents.h
303 silly gunzTarPerm modified mode [ 'nan_typedarray_contents.h', 436, 420 ]
304 silly gunzTarPerm extractEntry nan_weak.h
305 silly gunzTarPerm modified mode [ 'nan_weak.h', 436, 420 ]
306 silly gunzTarPerm extractEntry CHANGELOG.md
307 silly gunzTarPerm modified mode [ 'CHANGELOG.md', 436, 420 ]
308 silly gunzTarPerm extractEntry tools/package.json
309 silly gunzTarPerm modified mode [ 'tools/package.json', 436, 420 ]
310 silly gunzTarPerm extractEntry tools/README.md
311 silly gunzTarPerm modified mode [ 'tools/README.md', 436, 420 ]
312 silly gunzTarPerm extractEntry tools/1to2.js
313 silly gunzTarPerm modified mode [ 'tools/1to2.js', 509, 493 ]
314 silly gentlyRm /Users/zhuoli/Projects/coursera/Responsive-website-specialization/web-JS&MongoDB/week_1_peer_assessment/node_modules/.staging/bcrypt-f16bd10e/node_modules is being purged
315 verbose gentlyRm don't care about contents; nuking /Users/zhuoli/Projects/coursera/Responsive-website-specialization/web-JS&MongoDB/week_1_peer_assessment/node_modules/.staging/bcrypt-f16bd10e/node_modules
316 silly gentlyRm /Users/zhuoli/Projects/coursera/Responsive-website-specialization/web-JS&MongoDB/week_1_peer_assessment/node_modules/.staging/nan-997ddc2c/node_modules is being purged
317 verbose gentlyRm don't care about contents; nuking /Users/zhuoli/Projects/coursera/Responsive-website-specialization/web-JS&MongoDB/week_1_peer_assessment/node_modules/.staging/nan-997ddc2c/node_modules
318 silly doParallel preinstall 3
319 silly preinstall bindings@1.2.1 /Users/zhuoli/Projects/coursera/Responsive-website-specialization/web-JS&MongoDB/week_1_peer_assessment/node_modules/.staging/bindings-32d66bdf
320 info lifecycle bindings@1.2.1~preinstall: bindings@1.2.1
321 silly preinstall nan@2.3.5 /Users/zhuoli/Projects/coursera/Responsive-website-specialization/web-JS&MongoDB/week_1_peer_assessment/node_modules/.staging/nan-997ddc2c
322 info lifecycle nan@2.3.5~preinstall: nan@2.3.5
323 silly preinstall bcrypt@0.8.7 /Users/zhuoli/Projects/coursera/Responsive-website-specialization/web-JS&MongoDB/week_1_peer_assessment/node_modules/.staging/bcrypt-f16bd10e
324 info lifecycle bcrypt@0.8.7~preinstall: bcrypt@0.8.7
325 silly lifecycle bindings@1.2.1~preinstall: no script for preinstall, continuing
326 silly lifecycle nan@2.3.5~preinstall: no script for preinstall, continuing
327 silly lifecycle bcrypt@0.8.7~preinstall: no script for preinstall, continuing
328 silly doReverseSerial remove 0
329 silly doSerial move 0
330 silly doSerial finalize 3
331 silly finalize /Users/zhuoli/Projects/coursera/Responsive-website-specialization/web-JS&MongoDB/week_1_peer_assessment/node_modules/bindings
332 silly finalize /Users/zhuoli/Projects/coursera/Responsive-website-specialization/web-JS&MongoDB/week_1_peer_assessment/node_modules/nan
333 silly finalize /Users/zhuoli/Projects/coursera/Responsive-website-specialization/web-JS&MongoDB/week_1_peer_assessment/node_modules/bcrypt
334 silly doSerial build 3
335 silly build bindings@1.2.1
336 info linkStuff bindings@1.2.1
337 silly linkStuff bindings@1.2.1 has /Users/zhuoli/Projects/coursera/Responsive-website-specialization/web-JS&MongoDB/week_1_peer_assessment/node_modules as its parent node_modules
338 verbose linkBins bindings@1.2.1
339 verbose linkMans bindings@1.2.1
340 silly build nan@2.3.5
341 info linkStuff nan@2.3.5
342 silly linkStuff nan@2.3.5 has /Users/zhuoli/Projects/coursera/Responsive-website-specialization/web-JS&MongoDB/week_1_peer_assessment/node_modules as its parent node_modules
343 verbose linkBins nan@2.3.5
344 verbose linkMans nan@2.3.5
345 silly build bcrypt@0.8.7
346 info linkStuff bcrypt@0.8.7
347 silly linkStuff bcrypt@0.8.7 has /Users/zhuoli/Projects/coursera/Responsive-website-specialization/web-JS&MongoDB/week_1_peer_assessment/node_modules as its parent node_modules
348 verbose linkBins bcrypt@0.8.7
349 verbose linkMans bcrypt@0.8.7
350 silly doSerial global-link 0
351 silly doParallel update-linked 0
352 silly doSerial install 3
353 silly install bindings@1.2.1 /Users/zhuoli/Projects/coursera/Responsive-website-specialization/web-JS&MongoDB/week_1_peer_assessment/node_modules/.staging/bindings-32d66bdf
354 info lifecycle bindings@1.2.1~install: bindings@1.2.1
355 silly lifecycle bindings@1.2.1~install: no script for install, continuing
356 silly install nan@2.3.5 /Users/zhuoli/Projects/coursera/Responsive-website-specialization/web-JS&MongoDB/week_1_peer_assessment/node_modules/.staging/nan-997ddc2c
357 info lifecycle nan@2.3.5~install: nan@2.3.5
358 silly lifecycle nan@2.3.5~install: no script for install, continuing
359 silly install bcrypt@0.8.7 /Users/zhuoli/Projects/coursera/Responsive-website-specialization/web-JS&MongoDB/week_1_peer_assessment/node_modules/.staging/bcrypt-f16bd10e
360 info lifecycle bcrypt@0.8.7~install: bcrypt@0.8.7
361 verbose lifecycle bcrypt@0.8.7~install: unsafe-perm in lifecycle true
362 verbose lifecycle bcrypt@0.8.7~install: PATH: /Users/zhuoli/.meteor/packages/meteor-tool/.1.4.2_3.19lupz7++os.osx.x86_64+web.browser+web.cordova/mt-os.osx.x86_64/dev_bundle/lib/node_modules/npm/bin/node-gyp-bin:/Users/zhuoli/Projects/coursera/Responsive-website-specialization/web-JS&MongoDB/week_1_peer_assessment/node_modules/bcrypt/node_modules/.bin:/Users/zhuoli/Projects/coursera/Responsive-website-specialization/web-JS&MongoDB/week_1_peer_assessment/node_modules/.bin:/Users/zhuoli/.meteor/packages/meteor-tool/.1.4.2_3.19lupz7++os.osx.x86_64+web.browser+web.cordova/mt-os.osx.x86_64/dev_bundle/bin:/Users/zhuoli/.meteor/packages/meteor-tool/.1.4.2_3.19lupz7++os.osx.x86_64+web.browser+web.cordova/mt-os.osx.x86_64/dev_bundle/lib/node_modules/.bin:/Users/zhuoli/anaconda/bin:/Library/Frameworks/Python.framework/Versions/3.5/bin:/opt/local/bin:/opt/local/sbin:/Library/java/grails-3.2.2/bin:/opt/apache-maven-3.5.0/bin:/Users/zhuoli/bin:/usr/local/bin:/usr/bin:/bin:/usr/sbin:/sbin:/opt/X11/bin:/usr/local/go/bin:/usr/local/lib:JAVA_HOME/bin:/Users/zhuoli/.rvm/bin:/usr/local/Cellar/python3/3.6.1/bin:/Users/zhuoli/Documents/go/bin:/usr/local/mysql/bin
363 verbose lifecycle bcrypt@0.8.7~install: CWD: /Users/zhuoli/Projects/coursera/Responsive-website-specialization/web-JS&MongoDB/week_1_peer_assessment/node_modules/bcrypt
364 silly lifecycle bcrypt@0.8.7~install: Args: [ '-c', 'node-gyp rebuild' ]
365 silly lifecycle bcrypt@0.8.7~install: Returned: code: 1  signal: null
366 info lifecycle bcrypt@0.8.7~install: Failed to exec install script
367 verbose unlock done using /Users/zhuoli/.meteor/packages/meteor-tool/.1.4.2_3.19lupz7++os.osx.x86_64+web.browser+web.cordova/mt-os.osx.x86_64/dev_bundle/.npm/_locks/staging-08a530811ffc623f.lock for /Users/zhuoli/Projects/coursera/Responsive-website-specialization/web-JS&MongoDB/week_1_peer_assessment/node_modules/.staging
368 silly rollbackFailedOptional Starting
369 silly rollbackFailedOptional Finishing
370 silly runTopLevelLifecycles Finishing
371 silly install printInstalled
372 verbose stack Error: bcrypt@0.8.7 install: `node-gyp rebuild`
372 verbose stack Exit status 1
372 verbose stack     at EventEmitter.<anonymous> (/Users/zhuoli/.meteor/packages/meteor-tool/.1.4.2_3.19lupz7++os.osx.x86_64+web.browser+web.cordova/mt-os.osx.x86_64/dev_bundle/lib/node_modules/npm/lib/utils/lifecycle.js:255:16)
372 verbose stack     at emitTwo (events.js:87:13)
372 verbose stack     at EventEmitter.emit (events.js:172:7)
372 verbose stack     at ChildProcess.<anonymous> (/Users/zhuoli/.meteor/packages/meteor-tool/.1.4.2_3.19lupz7++os.osx.x86_64+web.browser+web.cordova/mt-os.osx.x86_64/dev_bundle/lib/node_modules/npm/lib/utils/spawn.js:40:14)
372 verbose stack     at emitTwo (events.js:87:13)
372 verbose stack     at ChildProcess.emit (events.js:172:7)
372 verbose stack     at maybeClose (internal/child_process.js:854:16)
372 verbose stack     at Process.ChildProcess._handle.onexit (internal/child_process.js:222:5)
373 verbose pkgid bcrypt@0.8.7
374 verbose cwd /Users/zhuoli/Projects/coursera/Responsive-website-specialization/web-JS&MongoDB/week_1_peer_assessment
375 error Darwin 16.7.0
376 error argv "/Users/zhuoli/.meteor/packages/meteor-tool/.1.4.2_3.19lupz7++os.osx.x86_64+web.browser+web.cordova/mt-os.osx.x86_64/dev_bundle/bin/node" "/Users/zhuoli/.meteor/packages/meteor-tool/.1.4.2_3.19lupz7++os.osx.x86_64+web.browser+web.cordova/mt-os.osx.x86_64/dev_bundle/bin/npm" "install"
377 error node v4.6.2
378 error npm  v3.10.9
379 error code ELIFECYCLE
380 error bcrypt@0.8.7 install: `node-gyp rebuild`
380 error Exit status 1
381 error Failed at the bcrypt@0.8.7 install script 'node-gyp rebuild'.
381 error Make sure you have the latest version of node.js and npm installed.
381 error If you do, this is most likely a problem with the bcrypt package,
381 error not with npm itself.
381 error Tell the author that this fails on your system:
381 error     node-gyp rebuild
381 error You can get information on how to open an issue for this project with:
381 error     npm bugs bcrypt
381 error Or if that isn't available, you can get their info via:
381 error     npm owner ls bcrypt
381 error There is likely additional logging output above.
382 verbose exit [ 1, true ]
