0 info it worked if it ends with ok
1 verbose cli [ '/Users/zhuoli/.meteor/packages/meteor-tool/.1.4.2_3.19lupz7++os.osx.x86_64+web.browser+web.cordova/mt-os.osx.x86_64/dev_bundle/bin/node',
1 verbose cli   '/Users/zhuoli/.meteor/packages/meteor-tool/.1.4.2_3.19lupz7++os.osx.x86_64+web.browser+web.cordova/mt-os.osx.x86_64/dev_bundle/bin/npm',
1 verbose cli   'install',
1 verbose cli   'python=python2.7' ]
2 info using npm@3.10.9
3 info using node@v4.6.2
4 silly loadCurrentTree Starting
5 silly install loadCurrentTree
6 silly install readLocalPackageData
7 silly fetchPackageMetaData python=python2.7
8 silly fetchOtherPackageData python=python2.7
9 silly cache add args [ 'python=python2.7', null ]
10 verbose cache add spec python=python2.7
11 silly cache add parsed spec Result {
11 silly cache add   raw: 'python=python2.7',
11 silly cache add   scope: null,
11 silly cache add   escapedName: null,
11 silly cache add   name: null,
11 silly cache add   rawSpec: 'python=python2.7',
11 silly cache add   spec: '/Users/zhuoli/Projects/coursera/Responsive-website-specialization/web-JS&MongoDB/week_4_peer_assessment/python=python2.7',
11 silly cache add   type: 'local' }
12 error addLocal Could not install /Users/zhuoli/Projects/coursera/Responsive-website-specialization/web-JS&MongoDB/week_4_peer_assessment/python=python2.7
13 silly fetchPackageMetaData Error: ENOENT: no such file or directory, open '/Users/zhuoli/Projects/coursera/Responsive-website-specialization/web-JS&MongoDB/week_4_peer_assessment/python=python2.7'
13 silly fetchPackageMetaData     at Error (native)
13 silly fetchPackageMetaData  error for python=python2.7 { [Error: ENOENT: no such file or directory, open '/Users/zhuoli/Projects/coursera/Responsive-website-specialization/web-JS&MongoDB/week_4_peer_assessment/python=python2.7']
13 silly fetchPackageMetaData   errno: -2,
13 silly fetchPackageMetaData   code: 'ENOENT',
13 silly fetchPackageMetaData   syscall: 'open',
13 silly fetchPackageMetaData   path: '/Users/zhuoli/Projects/coursera/Responsive-website-specialization/web-JS&MongoDB/week_4_peer_assessment/python=python2.7' }
14 silly rollbackFailedOptional Starting
15 silly rollbackFailedOptional Finishing
16 silly runTopLevelLifecycles Finishing
17 silly install printInstalled
18 verbose stack Error: ENOENT: no such file or directory, open '/Users/zhuoli/Projects/coursera/Responsive-website-specialization/web-JS&MongoDB/week_4_peer_assessment/python=python2.7'
18 verbose stack     at Error (native)
19 verbose cwd /Users/zhuoli/Projects/coursera/Responsive-website-specialization/web-JS&MongoDB/week_4_peer_assessment
20 error Darwin 16.7.0
21 error argv "/Users/zhuoli/.meteor/packages/meteor-tool/.1.4.2_3.19lupz7++os.osx.x86_64+web.browser+web.cordova/mt-os.osx.x86_64/dev_bundle/bin/node" "/Users/zhuoli/.meteor/packages/meteor-tool/.1.4.2_3.19lupz7++os.osx.x86_64+web.browser+web.cordova/mt-os.osx.x86_64/dev_bundle/bin/npm" "install" "python=python2.7"
22 error node v4.6.2
23 error npm  v3.10.9
24 error path /Users/zhuoli/Projects/coursera/Responsive-website-specialization/web-JS&MongoDB/week_4_peer_assessment/python=python2.7
25 error code ENOENT
26 error errno -2
27 error syscall open
28 error enoent ENOENT: no such file or directory, open '/Users/zhuoli/Projects/coursera/Responsive-website-specialization/web-JS&MongoDB/week_4_peer_assessment/python=python2.7'
29 error enoent ENOENT: no such file or directory, open '/Users/zhuoli/Projects/coursera/Responsive-website-specialization/web-JS&MongoDB/week_4_peer_assessment/python=python2.7'
29 error enoent This is most likely not a problem with npm itself
29 error enoent and is related to npm not being able to find a file.
30 verbose exit [ -2, true ]
